{"uuid":"e0f5f36b-fb37-4f92-91ae-b2f4ce1dc1ce","historyId":"76f0fab8c2caa85b1040cd8d9b033082","fullName":"com.browserstack.tests.ChooseItemVariations.chooseItemWithZeroQuantity","labels":[{"name":"package","value":"com.browserstack.tests.ChooseItemVariations"},{"name":"testClass","value":"com.browserstack.tests.ChooseItemVariations"},{"name":"testMethod","value":"chooseItemWithZeroQuantity"},{"name":"parentSuite","value":"Default Suite"},{"name":"suite","value":"testng-browserstack-master-0"},{"name":"subSuite","value":"com.browserstack.tests.ChooseItemVariations"},{"name":"host","value":"archlinux"},{"name":"thread","value":"420855@archlinux.setUp@0(36)"},{"name":"framework","value":"testng"},{"name":"language","value":"java"},{"name":"feature","value":"Choose item variations"}],"links":[],"name":"chooseItemWithZeroQuantity","status":"broken","statusDetails":{"known":false,"muted":false,"flaky":false,"message":"unknown error: net::ERR_PROXY_CONNECTION_FAILED\n  (Session info: chrome=137.0.7151.68)\nBuild info: version: '4.1.4', revision: '535d840ee2'\nSystem info: host: 'archlinux', ip: '192.168.122.1', os.name: 'Linux', os.arch: 'amd64', os.version: '6.14.10-arch1-1', java.version: '21.0.7'\nDriver info: org.openqa.selenium.chrome.ChromeDriver\nCommand: [7ffadd7cc39a4e1549497db76ee98963, get {url=https://theblues.com.vn/san-pham/thun-croptop-in-hinh-tvm-t2m-19-478/}]\nCapabilities {acceptInsecureCerts: false, browserName: chrome, browserVersion: 137.0.7151.68, chrome: {chromedriverVersion: 137.0.7151.68 (2989ffee9373..., userDataDir: /home/normdevstorm/.config/...}, fedcm:accounts: true, goog:chromeOptions: {debuggerAddress: localhost:40553}, javascriptEnabled: true, networkConnectionEnabled: false, pageLoadStrategy: normal, platform: LINUX, platformName: LINUX, proxy: Proxy(), se:cdp: ws://localhost:40553/devtoo..., se:cdpVersion: 137.0.7151.68, setWindowRect: true, strictFileInteractability: false, timeouts: {implicit: 0, pageLoad: 300000, script: 30000}, unhandledPromptBehavior: dismiss and notify, webauthn:extension:credBlob: true, webauthn:extension:largeBlob: true, webauthn:extension:minPinLength: true, webauthn:extension:prf: true, webauthn:virtualAuthenticators: true}\nSession ID: 7ffadd7cc39a4e1549497db76ee98963","trace":"org.openqa.selenium.WebDriverException: unknown error: net::ERR_PROXY_CONNECTION_FAILED\n  (Session info: chrome=137.0.7151.68)\nBuild info: version: '4.1.4', revision: '535d840ee2'\nSystem info: host: 'archlinux', ip: '192.168.122.1', os.name: 'Linux', os.arch: 'amd64', os.version: '6.14.10-arch1-1', java.version: '21.0.7'\nDriver info: org.openqa.selenium.chrome.ChromeDriver\nCommand: [7ffadd7cc39a4e1549497db76ee98963, get {url=https://theblues.com.vn/san-pham/thun-croptop-in-hinh-tvm-t2m-19-478/}]\nCapabilities {acceptInsecureCerts: false, browserName: chrome, browserVersion: 137.0.7151.68, chrome: {chromedriverVersion: 137.0.7151.68 (2989ffee9373..., userDataDir: /home/normdevstorm/.config/...}, fedcm:accounts: true, goog:chromeOptions: {debuggerAddress: localhost:40553}, javascriptEnabled: true, networkConnectionEnabled: false, pageLoadStrategy: normal, platform: LINUX, platformName: LINUX, proxy: Proxy(), se:cdp: ws://localhost:40553/devtoo..., se:cdpVersion: 137.0.7151.68, setWindowRect: true, strictFileInteractability: false, timeouts: {implicit: 0, pageLoad: 300000, script: 30000}, unhandledPromptBehavior: dismiss and notify, webauthn:extension:credBlob: true, webauthn:extension:largeBlob: true, webauthn:extension:minPinLength: true, webauthn:extension:prf: true, webauthn:virtualAuthenticators: true}\nSession ID: 7ffadd7cc39a4e1549497db76ee98963\n\tat java.base/jdk.internal.reflect.DirectConstructorHandleAccessor.newInstance(DirectConstructorHandleAccessor.java:62)\n\tat java.base/java.lang.reflect.Constructor.newInstanceWithCaller(Constructor.java:502)\n\tat java.base/java.lang.reflect.Constructor.newInstance(Constructor.java:486)\n\tat org.openqa.selenium.remote.codec.w3c.W3CHttpResponseCodec.createException(W3CHttpResponseCodec.java:200)\n\tat org.openqa.selenium.remote.codec.w3c.W3CHttpResponseCodec.decode(W3CHttpResponseCodec.java:133)\n\tat org.openqa.selenium.remote.codec.w3c.W3CHttpResponseCodec.decode(W3CHttpResponseCodec.java:53)\n\tat org.openqa.selenium.remote.HttpCommandExecutor.execute(HttpCommandExecutor.java:184)\n\tat org.openqa.selenium.remote.service.DriverCommandExecutor.invokeExecute(DriverCommandExecutor.java:167)\n\tat org.openqa.selenium.remote.service.DriverCommandExecutor.execute(DriverCommandExecutor.java:142)\n\tat org.openqa.selenium.remote.RemoteWebDriver.execute(RemoteWebDriver.java:567)\n\tat org.openqa.selenium.remote.RemoteWebDriver.get(RemoteWebDriver.java:330)\n\tat pages.ProductDetailPage.openProductDetailPage(ProductDetailPage.java:54)\n\tat pages.ProductDetailPage.addToCartWithZeroQuantity(ProductDetailPage.java:189)\n\tat com.browserstack.tests.ChooseItemVariations.chooseItemWithZeroQuantity(ChooseItemVariations.java:44)\n\tat java.base/jdk.internal.reflect.DirectMethodHandleAccessor.invoke(DirectMethodHandleAccessor.java:103)\n\tat java.base/java.lang.reflect.Method.invoke(Method.java:580)\n\tat org.testng.internal.MethodInvocationHelper.invokeMethod(MethodInvocationHelper.java:133)\n\tat org.testng.internal.TestInvoker.invokeMethod(TestInvoker.java:598)\n\tat org.testng.internal.TestInvoker.invokeTestMethod(TestInvoker.java:173)\n\tat org.testng.internal.MethodRunner.runInSequence(MethodRunner.java:46)\n\tat org.testng.internal.TestInvoker$MethodInvocationAgent.invoke(TestInvoker.java:824)\n\tat org.testng.internal.TestInvoker.invokeTestMethods(TestInvoker.java:146)\n\tat org.testng.internal.TestMethodWorker.invokeTestMethods(TestMethodWorker.java:146)\n\tat org.testng.internal.TestMethodWorker.run(TestMethodWorker.java:128)\n\tat java.base/java.util.ArrayList.forEach(ArrayList.java:1596)\n\tat org.testng.TestRunner.privateRun(TestRunner.java:794)\n\tat org.testng.TestRunner.run(TestRunner.java:596)\n\tat org.testng.SuiteRunner.runTest(SuiteRunner.java:377)\n\tat org.testng.SuiteRunner.access$000(SuiteRunner.java:28)\n\tat org.testng.SuiteRunner$SuiteWorker.run(SuiteRunner.java:418)\n\tat org.testng.internal.thread.ThreadUtil.lambda$execute$0(ThreadUtil.java:64)\n\tat java.base/java.util.concurrent.FutureTask.run(FutureTask.java:317)\n\tat java.base/java.util.concurrent.ThreadPoolExecutor.runWorker(ThreadPoolExecutor.java:1144)\n\tat java.base/java.util.concurrent.ThreadPoolExecutor$Worker.run(ThreadPoolExecutor.java:642)\n\tat java.base/java.lang.Thread.run(Thread.java:1583)\n"},"stage":"finished","description":"Choose item with zero quantity","steps":[],"attachments":[],"parameters":[{"name":"platform","value":"0"}],"start":1749552890215,"stop":1749552891182}